  map.c
C:\Users\wjddp\source\repos\GAME\GAME\map.c(426,1): warning C4129: ' ': 문자 이스케이프 시퀀스를 인식할 수 없습니다.
C:\Users\wjddp\source\repos\GAME\GAME\map.c(427,1): warning C4129: ' ': 문자 이스케이프 시퀀스를 인식할 수 없습니다.
C:\Users\wjddp\source\repos\GAME\GAME\map.c(428,1): warning C4129: ' ': 문자 이스케이프 시퀀스를 인식할 수 없습니다.
C:\Users\wjddp\source\repos\GAME\GAME\map.c(429,1): warning C4129: ' ': 문자 이스케이프 시퀀스를 인식할 수 없습니다.
C:\Users\wjddp\source\repos\GAME\GAME\map.c(430,1): warning C4129: ' ': 문자 이스케이프 시퀀스를 인식할 수 없습니다.
C:\Users\wjddp\source\repos\GAME\GAME\map.c(431,1): warning C4129: ' ': 문자 이스케이프 시퀀스를 인식할 수 없습니다.
C:\Users\wjddp\source\repos\GAME\GAME\map.c(432,1): warning C4129: ' ': 문자 이스케이프 시퀀스를 인식할 수 없습니다.
C:\Users\wjddp\source\repos\GAME\GAME\map.c(433,1): warning C4129: ' ': 문자 이스케이프 시퀀스를 인식할 수 없습니다.
C:\Users\wjddp\source\repos\GAME\GAME\map.c(434,1): warning C4129: ' ': 문자 이스케이프 시퀀스를 인식할 수 없습니다.
C:\Users\wjddp\source\repos\GAME\GAME\map.c(435,1): warning C4129: ' ': 문자 이스케이프 시퀀스를 인식할 수 없습니다.
C:\Users\wjddp\source\repos\GAME\GAME\map.c(436,1): warning C4129: ' ': 문자 이스케이프 시퀀스를 인식할 수 없습니다.
C:\Users\wjddp\source\repos\GAME\GAME\map.c(437,1): warning C4129: ' ': 문자 이스케이프 시퀀스를 인식할 수 없습니다.
C:\Users\wjddp\source\repos\GAME\GAME\map.c(449,1): warning C4129: ' ': 문자 이스케이프 시퀀스를 인식할 수 없습니다.
C:\Users\wjddp\source\repos\GAME\GAME\map.c(450,1): warning C4129: ' ': 문자 이스케이프 시퀀스를 인식할 수 없습니다.
C:\Users\wjddp\source\repos\GAME\GAME\map.c(451,1): warning C4129: ' ': 문자 이스케이프 시퀀스를 인식할 수 없습니다.
C:\Users\wjddp\source\repos\GAME\GAME\map.c(452,1): warning C4129: ' ': 문자 이스케이프 시퀀스를 인식할 수 없습니다.
C:\Users\wjddp\source\repos\GAME\GAME\map.c(453,1): warning C4129: ' ': 문자 이스케이프 시퀀스를 인식할 수 없습니다.
C:\Users\wjddp\source\repos\GAME\GAME\map.c(454,1): warning C4129: ' ': 문자 이스케이프 시퀀스를 인식할 수 없습니다.
C:\Users\wjddp\source\repos\GAME\GAME\map.c(455,1): warning C4129: ' ': 문자 이스케이프 시퀀스를 인식할 수 없습니다.
C:\Users\wjddp\source\repos\GAME\GAME\map.c(456,1): warning C4129: ' ': 문자 이스케이프 시퀀스를 인식할 수 없습니다.
C:\Users\wjddp\source\repos\GAME\GAME\map.c(457,1): warning C4129: ' ': 문자 이스케이프 시퀀스를 인식할 수 없습니다.
C:\Users\wjddp\source\repos\GAME\GAME\map.c(458,1): warning C4129: ' ': 문자 이스케이프 시퀀스를 인식할 수 없습니다.
C:\Users\wjddp\source\repos\GAME\GAME\map.c(459,1): warning C4129: ' ': 문자 이스케이프 시퀀스를 인식할 수 없습니다.
C:\Users\wjddp\source\repos\GAME\GAME\map.c(460,1): warning C4129: ' ': 문자 이스케이프 시퀀스를 인식할 수 없습니다.
C:\Users\wjddp\source\repos\GAME\GAME\map.c(573,22): warning C4101: 'ch' :참조되지 않은 지역 변수입니다.
C:\Users\wjddp\source\repos\GAME\GAME\map.c(796,16): warning C4129: '`': 문자 이스케이프 시퀀스를 인식할 수 없습니다.
  mini_game.c
C:\Users\wjddp\source\repos\GAME\GAME\mini_game.c(599,44): warning C4018: '<': signed 또는 unsigned가 일치하지 않습니다.
C:\Users\wjddp\source\repos\GAME\GAME\mini_game.c(611,48): warning C4020: 'moveKey': 실제 매개 변수가 너무 많습니다.
C:\Users\wjddp\source\repos\GAME\GAME\mini_game.c(624,41): warning C4018: '>=': signed 또는 unsigned가 일치하지 않습니다.
C:\Users\wjddp\source\repos\GAME\GAME\mini_game.c(777,11): warning C4244: '함수': 'time_t'에서 'unsigned int'(으)로 변환하면서 데이터가 손실될 수 있습니다.
C:\Users\wjddp\source\repos\GAME\GAME\mini_game.c(807,16): warning C4477: 'printf' : 서식 문자열 '%2d'에 'int' 형식의 인수가 필요하지만 variadic 인수 1의 형식이 'time_t'입니다.
  C:\Users\wjddp\source\repos\GAME\GAME\mini_game.c(807,16):
  서식 문자열에서 '%lld'을(를) 사용하는 것이 좋습니다.
  C:\Users\wjddp\source\repos\GAME\GAME\mini_game.c(807,16):
  서식 문자열에서 '%Id'을(를) 사용하는 것이 좋습니다.
  C:\Users\wjddp\source\repos\GAME\GAME\mini_game.c(807,16):
  서식 문자열에서 '%I64d'을(를) 사용하는 것이 좋습니다.
  
  코드를 생성하고 있습니다...
C:\Users\wjddp\source\repos\GAME\GAME\map.c(807,1): warning C4715: 'check_caught': 모든 제어 경로에서 값을 반환하지는 않습니다.
  GAME.vcxproj -> C:\Users\wjddp\source\repos\GAME\x64\Debug\GAME.exe
